Tue May 25 20:28:42 EEST 2021 : Apache Derby Network Server - 10.11.1.2 - (1629631) started and ready to accept connections on port 1527
----------------------------------------------------------------
Tue May 25 20:28:42 EEST 2021:
Booting Derby version The Apache Software Foundation - Apache Derby - 10.11.1.2 - (1629631): instance a816c00e-0179-a492-3dad-fffff401b046 
on database directory C:\Users\YILMAZ\Documents\NetBeansProjects\dbrsyasamkoc\projedb with class loader sun.misc.Launcher$AppClassLoader@6f94fa3e 
Loaded from file:/C:/Program%20Files/Java/jdk1.8.0_111/db/lib/derby.jar
java.vendor=Oracle Corporation
java.runtime.version=1.8.0_111-b14
user.dir=C:\Program Files\Java\jdk1.8.0_111\db
os.name=Windows 10
os.arch=amd64
os.version=10.0
derby.system.home=C:\Users\YILMAZ\Documents\NetBeansProjects\dbrsyasamkoc
Database Class Loader started - derby.database.classpath=''
----------------------------------------------------------------
Tue May 25 20:36:54 EEST 2021: Shutting down Derby engine
----------------------------------------------------------------
Tue May 25 20:36:54 EEST 2021:
Shutting down instance a816c00e-0179-a492-3dad-fffff401b046 on database directory C:\Users\YILMAZ\Documents\NetBeansProjects\dbrsyasamkoc\projedb with class loader sun.misc.Launcher$AppClassLoader@6f94fa3e 
----------------------------------------------------------------
